[debug] [2022-07-24T03:23:22.177Z] ----------------------------------------------------------------------
[debug] [2022-07-24T03:23:22.180Z] Command:       C:\Program Files\nodejs\node.exe C:\Users\Roberto Gomez\AppData\Roaming\npm\node_modules\firebase-tools\lib\bin\firebase.js init
[debug] [2022-07-24T03:23:22.180Z] CLI Version:   11.3.0
[debug] [2022-07-24T03:23:22.181Z] Platform:      win32
[debug] [2022-07-24T03:23:22.181Z] Node Version:  v16.16.0
[debug] [2022-07-24T03:23:22.184Z] Time:          Sat Jul 23 2022 22:23:22 GMT-0500 (hora de verano central)
[debug] [2022-07-24T03:23:22.184Z] ----------------------------------------------------------------------
[debug] 
[debug] [2022-07-24T03:23:22.190Z] >>> [apiv2][query] GET https://firebase-public.firebaseio.com/cli.json [none]
[debug] [2022-07-24T03:23:22.222Z] > command requires scopes: ["email","openid","https://www.googleapis.com/auth/cloudplatformprojects.readonly","https://www.googleapis.com/auth/firebase","https://www.googleapis.com/auth/cloud-platform"]
[debug] [2022-07-24T03:23:22.222Z] > authorizing via signed-in user (ghroberto278@gmail.com)
[info] 
     ######## #### ########  ######## ########     ###     ######  ########
     ##        ##  ##     ## ##       ##     ##  ##   ##  ##       ##
     ######    ##  ########  ######   ########  #########  ######  ######
     ##        ##  ##    ##  ##       ##     ## ##     ##       ## ##
     ##       #### ##     ## ######## ########  ##     ##  ######  ########

You're about to initialize a Firebase project in this directory:

  C:\Users\Roberto Gomez\Documents\Roberto\Diplomados\Ciencia de Datos\Modulo 6\Evaluacion\Nueva carpeta\citybike-roberto-gomez

[debug] [2022-07-24T03:23:24.918Z] <<< [apiv2][status] GET https://firebase-public.firebaseio.com/cli.json 200
[debug] [2022-07-24T03:23:24.918Z] <<< [apiv2][body] GET https://firebase-public.firebaseio.com/cli.json {"cloudBuildErrorAfter":1594252800000,"cloudBuildWarnAfter":1590019200000,"defaultNode10After":1594252800000,"minVersion":"3.0.5","node8DeploysDisabledAfter":1613390400000,"node8RuntimeDisabledAfter":1615809600000,"node8WarnAfter":1600128000000}
[info] 
=== Project Setup
[info] 
[info] First, let's associate this project directory with a Firebase project.
[info] You can create multiple project aliases by running firebase use --add, 
[info] but for now we'll just set up a default project.
[info] 
[debug] [2022-07-24T03:26:33.208Z] > refreshing access token with scopes: []
[debug] [2022-07-24T03:26:33.209Z] >>> [apiv2][query] POST https://www.googleapis.com/oauth2/v3/token [none]
[debug] [2022-07-24T03:26:33.210Z] >>> [apiv2][body] POST https://www.googleapis.com/oauth2/v3/token [omitted]
[debug] [2022-07-24T03:26:33.462Z] <<< [apiv2][status] POST https://www.googleapis.com/oauth2/v3/token 200
[debug] [2022-07-24T03:26:33.462Z] <<< [apiv2][body] POST https://www.googleapis.com/oauth2/v3/token [omitted]
[debug] [2022-07-24T03:26:33.488Z] >>> [apiv2][query] GET https://firebase.googleapis.com/v1beta1/projects pageSize=100
[debug] [2022-07-24T03:26:35.404Z] <<< [apiv2][status] GET https://firebase.googleapis.com/v1beta1/projects 200
[debug] [2022-07-24T03:26:35.405Z] <<< [apiv2][body] GET https://firebase.googleapis.com/v1beta1/projects [omitted]
[info] i  Using project citybike-reto (CityBike-Reto) 
[info] 
=== Hosting Setup
[info] 
[info] Your public directory is the folder (relative to your project directory) that
[info] will contain Hosting assets to be uploaded with firebase deploy. If you
[info] have a build process for your assets, use your build's output directory.
[info] 
[debug] [2022-07-24T03:29:47.841Z] >>> [apiv2][query] GET https://www.gstatic.com/firebasejs/releases.json [none]
[debug] [2022-07-24T03:29:48.205Z] <<< [apiv2][status] GET https://www.gstatic.com/firebasejs/releases.json 200
[debug] [2022-07-24T03:29:48.205Z] <<< [apiv2][body] GET https://www.gstatic.com/firebasejs/releases.json {"current":{"version":"9.9.1","browserURL":"https://www.gstatic.com/firebasejs/9.9.1/firebase.js","packageURL":"https://www.gstatic.com/firebasejs/9.9.1/firebase.tgz"},"live":{"version":"9.9","browserURL":"https://www.gstatic.com/firebasejs/live/9.9/firebase.js","packageURL":"https://www.gstatic.com/firebasejs/live/9.9/firebase.tgz"},"components":{"analytics":"https://www.gstatic.com/firebasejs/9.9.1/firebase-analytics.js","app":"https://www.gstatic.com/firebasejs/9.9.1/firebase-app.js","app-check":"https://www.gstatic.com/firebasejs/9.9.1/firebase-app-check.js","auth":"https://www.gstatic.com/firebasejs/9.9.1/firebase-auth.js","auth/cordova":"https://www.gstatic.com/firebasejs/9.9.1/firebase-auth/cordova.js","auth/react-native":"https://www.gstatic.com/firebasejs/9.9.1/firebase-auth/react-native.js","functions":"https://www.gstatic.com/firebasejs/9.9.1/firebase-functions.js","firestore":"https://www.gstatic.com/firebasejs/9.9.1/firebase-firestore.js","firestore/lite":"https://www.gstatic.com/firebasejs/9.9.1/firebase-firestore/lite.js","installations":"https://www.gstatic.com/firebasejs/9.9.1/firebase-installations.js","storage":"https://www.gstatic.com/firebasejs/9.9.1/firebase-storage.js","performance":"https://www.gstatic.com/firebasejs/9.9.1/firebase-performance.js","remote-config":"https://www.gstatic.com/firebasejs/9.9.1/firebase-remote-config.js","messaging":"https://www.gstatic.com/firebasejs/9.9.1/firebase-messaging.js","messaging/sw":"https://www.gstatic.com/firebasejs/9.9.1/firebase-messaging/sw.js","database":"https://www.gstatic.com/firebasejs/9.9.1/firebase-database.js","firestore.memory":"https://www.gstatic.com/firebasejs/9.9.1/firebase-firestore.memory.js"}}
[info] i  Skipping write of _site/index.html 
[info] 
[info] i  Detected a .git folder at C:\Users\Roberto Gomez\Documents\Roberto\Diplomados\Ciencia de Datos\Modulo 6\Evaluacion\Nueva carpeta\citybike-roberto-gomez 
[info] i  Authorizing with GitHub to upload your service account to a GitHub repository's secrets store. 
[info] 
[info] Visit this URL on this device to log in:
[info] https://github.com/login/oauth/authorize?client_id=89cf50f02ac6aaed3484&state=993189889&redirect_uri=http%3A%2F%2Flocalhost%3A9005&scope=read%3Auser%20repo%20public_repo
[info] 
[info] Waiting for authentication...
[debug] [2022-07-24T03:30:09.722Z] >>> [apiv2][query] POST https://github.com/login/oauth/access_token [none]
[debug] [2022-07-24T03:30:09.722Z] >>> [apiv2][body] POST https://github.com/login/oauth/access_token [stream]
[debug] [2022-07-24T03:30:10.118Z] <<< [apiv2][status] POST https://github.com/login/oauth/access_token 200
[debug] [2022-07-24T03:30:10.118Z] <<< [apiv2][body] POST https://github.com/login/oauth/access_token {"access_token":"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","token_type":"bearer","scope":"read:user,repo"}
[debug] [2022-07-24T03:30:10.131Z] >>> [apiv2][query] GET https://api.github.com/user [none]
[debug] [2022-07-24T03:30:10.735Z] <<< [apiv2][status] GET https://api.github.com/user 200
[debug] [2022-07-24T03:30:10.736Z] <<< [apiv2][body] GET https://api.github.com/user {"login":"rogoh","id":75408985,"node_id":"MDQ6VXNlcjc1NDA4OTg1","avatar_url":"https://avatars.githubusercontent.com/u/75408985?v=4","gravatar_id":"","url":"https://api.github.com/users/rogoh","html_url":"https://github.com/rogoh","followers_url":"https://api.github.com/users/rogoh/followers","following_url":"https://api.github.com/users/rogoh/following{/other_user}","gists_url":"https://api.github.com/users/rogoh/gists{/gist_id}","starred_url":"https://api.github.com/users/rogoh/starred{/owner}{/repo}","subscriptions_url":"https://api.github.com/users/rogoh/subscriptions","organizations_url":"https://api.github.com/users/rogoh/orgs","repos_url":"https://api.github.com/users/rogoh/repos","events_url":"https://api.github.com/users/rogoh/events{/privacy}","received_events_url":"https://api.github.com/users/rogoh/received_events","type":"User","site_admin":false,"name":null,"company":null,"blog":"","location":null,"email":null,"hireable":null,"bio":null,"twitter_username":null,"public_repos":7,"public_gists":0,"followers":0,"following":0,"created_at":"2020-12-03T04:50:42Z","updated_at":"2022-07-24T03:30:07Z","private_gists":0,"total_private_repos":1,"owned_private_repos":1,"disk_usage":4240,"collaborators":0,"two_factor_authentication":false,"plan":{"name":"free","space":976562499,"collaborators":0,"private_repos":10000}}
[info] 
[info] +  Success! Logged into GitHub as rogoh 
[info] 
